<?xml version="1.0" encoding="UTF-8"?>
<!-- Generated by org.testng.reporters.JUnitReportReporter -->
<testsuite hostname="waioz-Lenovo-B460e" failures="0" tests="5" name="com.RestAssured.TestCases.TC002_GET_SingleEmployeeRecord" time="0.067" errors="0" timestamp="2022-12-26T18:57:57 IST" skipped="0">
  <testcase classname="com.RestAssured.TestCases.TC002_GET_SingleEmployeeRecord" name="checkStatusLine" time="0.009"/>
  <system-out/>
  <testcase classname="com.RestAssured.TestCases.TC002_GET_SingleEmployeeRecord" name="checkStausCode" time="0.015"/>
  <system-out/>
  <testcase classname="com.RestAssured.TestCases.TC002_GET_SingleEmployeeRecord" name="checkContentLenght" time="0.023"/>
  <system-out/>
  <testcase classname="com.RestAssured.TestCases.TC002_GET_SingleEmployeeRecord" name="checkServerType" time="0.008"/>
  <system-out/>
  <testcase classname="com.RestAssured.TestCases.TC002_GET_SingleEmployeeRecord" name="checkContentType" time="0.012"/>
  <system-out/>
</testsuite> <!-- com.RestAssured.TestCases.TC002_GET_SingleEmployeeRecord -->
