<?xml version="1.0" encoding="UTF-8"?>
<!-- Generated by org.testng.reporters.JUnitReportReporter -->
<testsuite hostname="waioz-Lenovo-B460e" failures="0" tests="3" name="com.RestAssured.TestCases.TC001_GET_AllEmployees" time="0.111" errors="0" timestamp="2022-12-28T15:55:36 IST" skipped="0">
  <testcase classname="com.RestAssured.TestCases.TC001_GET_AllEmployees" name="checkResponse" time="0.096"/>
  <system-out/>
  <testcase classname="com.RestAssured.TestCases.TC001_GET_AllEmployees" name="checkStatusLine" time="0.007"/>
  <system-out/>
  <testcase classname="com.RestAssured.TestCases.TC001_GET_AllEmployees" name="checkStatusCode" time="0.008"/>
  <system-out/>
</testsuite> <!-- com.RestAssured.TestCases.TC001_GET_AllEmployees -->
